Cleanup Run Timestamp: 2026-03-26 16:54:06
Mode: DRY-RUN
Scope lock: deletes rows only from the fixed allow-listed tables in this script.

[COSTING] doc=hk5egrPh16UA3RkuzCLSDW
ProductBatchMS: would delete 8 row(s).
BatchStatusHistory: would delete 53 row(s).
ProductBatchMaster: would delete 2 row(s).

[PULSE] doc=dBAMmedPXsrYhGzsZS2qR6
Activity_Log: would delete 128 row(s).
Reminder_Log: would delete 0 row(s).

[RUNTIME] doc=tSFZW3ybtD46ug2q76iMML
Test_Inbox: would delete 272 row(s).
Test_Outbox: would delete 419 row(s).
Test_UserContext: would delete 8 row(s).
Test_RunLog: would delete 290 row(s).
Test_Attachments: would delete 0 row(s).

Batch Summary
MAR26-S1KHFL-BASE-MCS-001 - would delete (BatchStatusHistory=26, ProductBatchMS=4, ProductBatchMaster=1)
MAR26-S1KHFL-BASE-MCS-002 - would delete (BatchStatusHistory=27, ProductBatchMS=4, ProductBatchMaster=1)

Dry-run complete. 1180 row(s) would be deleted from allow-listed tables.
Re-run with --apply to execute.
