Cleanup Run Timestamp: 2026-03-28 12:41:51
Mode: APPLY
Scope lock: deletes rows only from the fixed allow-listed tables in this script.

[COSTING] doc=hk5egrPh16UA3RkuzCLSDW
ProductBatchMS: DELETE endpoint unavailable on this server; using /apply BulkRemoveRecord fallback.
ProductBatchMS : entry deleted (record_id=1, batch_no=MAR26-S1KHFL-BASE-MCS-001)
ProductBatchMS : entry deleted (record_id=2, batch_no=MAR26-S1KHFL-BASE-MCS-001)
ProductBatchMS : entry deleted (record_id=3, batch_no=MAR26-S1KHFL-BASE-MCS-001)
ProductBatchMS : entry deleted (record_id=4, batch_no=MAR26-S1KHFL-BASE-MCS-001)
ProductBatchMS: deleted 4 row(s); remaining 0.
BatchStatusHistory: DELETE endpoint unavailable on this server; using /apply BulkRemoveRecord fallback.
BatchStatusHistory : entry deleted (record_id=1, batch_no=MAR26-S1KHFL-BASE-MCS-001)
BatchStatusHistory : entry deleted (record_id=2, batch_no=MAR26-S1KHFL-BASE-MCS-001)
BatchStatusHistory : entry deleted (record_id=3, batch_no=MAR26-S1KHFL-BASE-MCS-001)
BatchStatusHistory : entry deleted (record_id=4, batch_no=MAR26-S1KHFL-BASE-MCS-001)
BatchStatusHistory : entry deleted (record_id=5, batch_no=MAR26-S1KHFL-BASE-MCS-001)
BatchStatusHistory : entry deleted (record_id=6, batch_no=MAR26-S1KHFL-BASE-MCS-001)
BatchStatusHistory : entry deleted (record_id=7, batch_no=MAR26-S1KHFL-BASE-MCS-001)
BatchStatusHistory : entry deleted (record_id=8, batch_no=MAR26-S1KHFL-BASE-MCS-001)
BatchStatusHistory : entry deleted (record_id=9, batch_no=MAR26-S1KHFL-BASE-MCS-001)
BatchStatusHistory : entry deleted (record_id=10, batch_no=MAR26-S1KHFL-BASE-MCS-001)
BatchStatusHistory : entry deleted (record_id=11, batch_no=MAR26-S1KHFL-BASE-MCS-001)
BatchStatusHistory : entry deleted (record_id=12, batch_no=MAR26-S1KHFL-BASE-MCS-001)
BatchStatusHistory : entry deleted (record_id=13, batch_no=MAR26-S1KHFL-BASE-MCS-001)
BatchStatusHistory : entry deleted (record_id=14, batch_no=MAR26-S1KHFL-BASE-MCS-001)
BatchStatusHistory : entry deleted (record_id=15, batch_no=MAR26-S1KHFL-BASE-MCS-001)
BatchStatusHistory : entry deleted (record_id=16, batch_no=MAR26-S1KHFL-BASE-MCS-001)
BatchStatusHistory : entry deleted (record_id=17, batch_no=MAR26-S1KHFL-BASE-MCS-001)
BatchStatusHistory : entry deleted (record_id=18, batch_no=MAR26-S1KHFL-BASE-MCS-001)
BatchStatusHistory : entry deleted (record_id=19, batch_no=MAR26-S1KHFL-BASE-MCS-001)
BatchStatusHistory : entry deleted (record_id=20, batch_no=MAR26-S1KHFL-BASE-MCS-001)
BatchStatusHistory : entry deleted (record_id=21, batch_no=MAR26-S1KHFL-BASE-MCS-001)
BatchStatusHistory : entry deleted (record_id=22, batch_no=MAR26-S1KHFL-BASE-MCS-001)
BatchStatusHistory : entry deleted (record_id=23, batch_no=MAR26-S1KHFL-BASE-MCS-001)
BatchStatusHistory : entry deleted (record_id=24, batch_no=MAR26-S1KHFL-BASE-MCS-001)
BatchStatusHistory : entry deleted (record_id=25, batch_no=MAR26-S1KHFL-BASE-MCS-001)
BatchStatusHistory : entry deleted (record_id=26, batch_no=MAR26-S1KHFL-BASE-MCS-001)
BatchStatusHistory: deleted 26 row(s); remaining 0.
ProductBatchMaster: DELETE endpoint unavailable on this server; using /apply BulkRemoveRecord fallback.
ProductBatchMaster : entry deleted (record_id=1, batch_no=MAR26-S1KHFL-BASE-MCS-001)
ProductBatchMaster: deleted 1 row(s); remaining 0.

[PULSE] doc=dBAMmedPXsrYhGzsZS2qR6
Activity_Log: DELETE endpoint unavailable on this server; using /apply BulkRemoveRecord fallback.
Activity_Log : entry deleted (record_id=1)
Activity_Log : entry deleted (record_id=2)
Activity_Log : entry deleted (record_id=3)
Activity_Log : entry deleted (record_id=4)
Activity_Log : entry deleted (record_id=5)
Activity_Log : entry deleted (record_id=6)
Activity_Log : entry deleted (record_id=7)
Activity_Log : entry deleted (record_id=8)
Activity_Log : entry deleted (record_id=9)
Activity_Log : entry deleted (record_id=10)
Activity_Log : entry deleted (record_id=11)
Activity_Log : entry deleted (record_id=12)
Activity_Log : entry deleted (record_id=13)
Activity_Log : entry deleted (record_id=14)
Activity_Log : entry deleted (record_id=15)
Activity_Log : entry deleted (record_id=16)
Activity_Log : entry deleted (record_id=17)
Activity_Log : entry deleted (record_id=18)
Activity_Log : entry deleted (record_id=19)
Activity_Log : entry deleted (record_id=20)
Activity_Log : entry deleted (record_id=21)
Activity_Log : entry deleted (record_id=22)
Activity_Log : entry deleted (record_id=23)
Activity_Log : entry deleted (record_id=24)
Activity_Log : entry deleted (record_id=25)
Activity_Log : entry deleted (record_id=26)
Activity_Log : entry deleted (record_id=27)
Activity_Log : entry deleted (record_id=28)
Activity_Log : entry deleted (record_id=29)
Activity_Log : entry deleted (record_id=30)
Activity_Log : entry deleted (record_id=31)
Activity_Log : entry deleted (record_id=32)
Activity_Log : entry deleted (record_id=33)
Activity_Log : entry deleted (record_id=34)
Activity_Log : entry deleted (record_id=35)
Activity_Log : entry deleted (record_id=36)
Activity_Log : entry deleted (record_id=37)
Activity_Log : entry deleted (record_id=38)
Activity_Log : entry deleted (record_id=39)
Activity_Log : entry deleted (record_id=40)
Activity_Log : entry deleted (record_id=41)
Activity_Log : entry deleted (record_id=42)
Activity_Log : entry deleted (record_id=43)
Activity_Log : entry deleted (record_id=44)
Activity_Log : entry deleted (record_id=45)
Activity_Log : entry deleted (record_id=46)
Activity_Log : entry deleted (record_id=47)
Activity_Log : entry deleted (record_id=48)
Activity_Log : entry deleted (record_id=49)
Activity_Log : entry deleted (record_id=50)
Activity_Log : entry deleted (record_id=51)
Activity_Log : entry deleted (record_id=52)
Activity_Log : entry deleted (record_id=53)
Activity_Log : entry deleted (record_id=54)
Activity_Log : entry deleted (record_id=55)
Activity_Log : entry deleted (record_id=56)
Activity_Log : entry deleted (record_id=57)
Activity_Log : entry deleted (record_id=58)
Activity_Log : entry deleted (record_id=59)
Activity_Log : entry deleted (record_id=60)
Activity_Log : entry deleted (record_id=61)
Activity_Log : entry deleted (record_id=62)
Activity_Log : entry deleted (record_id=63)
Activity_Log: deleted 63 row(s); remaining 0.
Reminder_Log: deleted 0 row(s); remaining 0.

[RUNTIME] doc=tSFZW3ybtD46ug2q76iMML
Test_Inbox: DELETE endpoint unavailable on this server; using /apply BulkRemoveRecord fallback.
Test_Inbox : entry deleted (record_id=1)
Test_Inbox : entry deleted (record_id=2)
Test_Inbox : entry deleted (record_id=3)
Test_Inbox : entry deleted (record_id=4)
Test_Inbox : entry deleted (record_id=5)
Test_Inbox : entry deleted (record_id=6)
Test_Inbox : entry deleted (record_id=7)
Test_Inbox : entry deleted (record_id=8)
Test_Inbox : entry deleted (record_id=9)
Test_Inbox : entry deleted (record_id=10)
Test_Inbox : entry deleted (record_id=11)
Test_Inbox : entry deleted (record_id=12)
Test_Inbox : entry deleted (record_id=13)
Test_Inbox : entry deleted (record_id=14)
Test_Inbox : entry deleted (record_id=15)
Test_Inbox : entry deleted (record_id=16)
Test_Inbox : entry deleted (record_id=17)
Test_Inbox : entry deleted (record_id=18)
Test_Inbox : entry deleted (record_id=19)
Test_Inbox : entry deleted (record_id=20)
Test_Inbox : entry deleted (record_id=21)
Test_Inbox : entry deleted (record_id=22)
Test_Inbox : entry deleted (record_id=23)
Test_Inbox : entry deleted (record_id=24)
Test_Inbox : entry deleted (record_id=25)
Test_Inbox : entry deleted (record_id=26)
Test_Inbox : entry deleted (record_id=27)
Test_Inbox : entry deleted (record_id=28)
Test_Inbox : entry deleted (record_id=29)
Test_Inbox : entry deleted (record_id=30)
Test_Inbox : entry deleted (record_id=31)
Test_Inbox : entry deleted (record_id=32)
Test_Inbox : entry deleted (record_id=33)
Test_Inbox : entry deleted (record_id=34)
Test_Inbox : entry deleted (record_id=35)
Test_Inbox : entry deleted (record_id=36)
Test_Inbox : entry deleted (record_id=37)
Test_Inbox : entry deleted (record_id=38)
Test_Inbox : entry deleted (record_id=39)
Test_Inbox : entry deleted (record_id=40)
Test_Inbox : entry deleted (record_id=41)
Test_Inbox : entry deleted (record_id=42)
Test_Inbox : entry deleted (record_id=43)
Test_Inbox : entry deleted (record_id=44)
Test_Inbox : entry deleted (record_id=45)
Test_Inbox : entry deleted (record_id=46)
Test_Inbox : entry deleted (record_id=47)
Test_Inbox : entry deleted (record_id=48)
Test_Inbox : entry deleted (record_id=49)
Test_Inbox : entry deleted (record_id=50)
Test_Inbox : entry deleted (record_id=51)
Test_Inbox : entry deleted (record_id=52)
Test_Inbox : entry deleted (record_id=53)
Test_Inbox : entry deleted (record_id=54)
Test_Inbox : entry deleted (record_id=55)
Test_Inbox : entry deleted (record_id=56)
Test_Inbox : entry deleted (record_id=57)
Test_Inbox : entry deleted (record_id=58)
Test_Inbox : entry deleted (record_id=59)
Test_Inbox : entry deleted (record_id=60)
Test_Inbox : entry deleted (record_id=61)
Test_Inbox : entry deleted (record_id=62)
Test_Inbox : entry deleted (record_id=63)
Test_Inbox : entry deleted (record_id=64)
Test_Inbox : entry deleted (record_id=65)
Test_Inbox : entry deleted (record_id=66)
Test_Inbox : entry deleted (record_id=67)
Test_Inbox : entry deleted (record_id=68)
Test_Inbox : entry deleted (record_id=69)
Test_Inbox : entry deleted (record_id=70)
Test_Inbox : entry deleted (record_id=71)
Test_Inbox : entry deleted (record_id=72)
Test_Inbox : entry deleted (record_id=73)
Test_Inbox : entry deleted (record_id=74)
Test_Inbox : entry deleted (record_id=75)
Test_Inbox : entry deleted (record_id=76)
Test_Inbox : entry deleted (record_id=77)
Test_Inbox : entry deleted (record_id=78)
Test_Inbox : entry deleted (record_id=79)
Test_Inbox : entry deleted (record_id=80)
Test_Inbox : entry deleted (record_id=81)
Test_Inbox : entry deleted (record_id=82)
Test_Inbox : entry deleted (record_id=83)
Test_Inbox : entry deleted (record_id=84)
Test_Inbox : entry deleted (record_id=85)
Test_Inbox : entry deleted (record_id=86)
Test_Inbox : entry deleted (record_id=87)
Test_Inbox : entry deleted (record_id=88)
Test_Inbox : entry deleted (record_id=89)
Test_Inbox : entry deleted (record_id=90)
Test_Inbox : entry deleted (record_id=91)
Test_Inbox : entry deleted (record_id=92)
Test_Inbox : entry deleted (record_id=93)
Test_Inbox : entry deleted (record_id=94)
Test_Inbox : entry deleted (record_id=95)
Test_Inbox : entry deleted (record_id=96)
Test_Inbox : entry deleted (record_id=97)
Test_Inbox : entry deleted (record_id=98)
Test_Inbox : entry deleted (record_id=99)
Test_Inbox : entry deleted (record_id=100)
Test_Inbox : entry deleted (record_id=101)
Test_Inbox : entry deleted (record_id=102)
Test_Inbox : entry deleted (record_id=103)
Test_Inbox : entry deleted (record_id=104)
Test_Inbox : entry deleted (record_id=105)
Test_Inbox : entry deleted (record_id=106)
Test_Inbox : entry deleted (record_id=107)
Test_Inbox : entry deleted (record_id=108)
Test_Inbox : entry deleted (record_id=109)
Test_Inbox : entry deleted (record_id=110)
Test_Inbox : entry deleted (record_id=111)
Test_Inbox : entry deleted (record_id=112)
Test_Inbox : entry deleted (record_id=113)
Test_Inbox : entry deleted (record_id=114)
Test_Inbox : entry deleted (record_id=115)
Test_Inbox : entry deleted (record_id=116)
Test_Inbox: deleted 116 row(s); remaining 0.
Test_Outbox: DELETE endpoint unavailable on this server; using /apply BulkRemoveRecord fallback.
Test_Outbox : entry deleted (record_id=1)
Test_Outbox : entry deleted (record_id=2)
Test_Outbox : entry deleted (record_id=3)
Test_Outbox : entry deleted (record_id=4)
Test_Outbox : entry deleted (record_id=5)
Test_Outbox : entry deleted (record_id=6)
Test_Outbox : entry deleted (record_id=7)
Test_Outbox : entry deleted (record_id=8)
Test_Outbox : entry deleted (record_id=9)
Test_Outbox : entry deleted (record_id=10)
Test_Outbox : entry deleted (record_id=11)
Test_Outbox : entry deleted (record_id=12)
Test_Outbox : entry deleted (record_id=13)
Test_Outbox : entry deleted (record_id=14)
Test_Outbox : entry deleted (record_id=15)
Test_Outbox : entry deleted (record_id=16)
Test_Outbox : entry deleted (record_id=17)
Test_Outbox : entry deleted (record_id=18)
Test_Outbox : entry deleted (record_id=19)
Test_Outbox : entry deleted (record_id=20)
Test_Outbox : entry deleted (record_id=21)
Test_Outbox : entry deleted (record_id=22)
Test_Outbox : entry deleted (record_id=23)
Test_Outbox : entry deleted (record_id=24)
Test_Outbox : entry deleted (record_id=25)
Test_Outbox : entry deleted (record_id=26)
Test_Outbox : entry deleted (record_id=27)
Test_Outbox : entry deleted (record_id=28)
Test_Outbox : entry deleted (record_id=29)
Test_Outbox : entry deleted (record_id=30)
Test_Outbox : entry deleted (record_id=31)
Test_Outbox : entry deleted (record_id=32)
Test_Outbox : entry deleted (record_id=33)
Test_Outbox : entry deleted (record_id=34)
Test_Outbox : entry deleted (record_id=35)
Test_Outbox : entry deleted (record_id=36)
Test_Outbox : entry deleted (record_id=37)
Test_Outbox : entry deleted (record_id=38)
Test_Outbox : entry deleted (record_id=39)
Test_Outbox : entry deleted (record_id=40)
Test_Outbox : entry deleted (record_id=41)
Test_Outbox : entry deleted (record_id=42)
Test_Outbox : entry deleted (record_id=43)
Test_Outbox : entry deleted (record_id=44)
Test_Outbox : entry deleted (record_id=45)
Test_Outbox : entry deleted (record_id=46)
Test_Outbox : entry deleted (record_id=47)
Test_Outbox : entry deleted (record_id=48)
Test_Outbox : entry deleted (record_id=49)
Test_Outbox : entry deleted (record_id=50)
Test_Outbox : entry deleted (record_id=51)
Test_Outbox : entry deleted (record_id=52)
Test_Outbox : entry deleted (record_id=53)
Test_Outbox : entry deleted (record_id=54)
Test_Outbox : entry deleted (record_id=55)
Test_Outbox : entry deleted (record_id=56)
Test_Outbox : entry deleted (record_id=57)
Test_Outbox : entry deleted (record_id=58)
Test_Outbox : entry deleted (record_id=59)
Test_Outbox : entry deleted (record_id=60)
Test_Outbox : entry deleted (record_id=61)
Test_Outbox : entry deleted (record_id=62)
Test_Outbox : entry deleted (record_id=63)
Test_Outbox : entry deleted (record_id=64)
Test_Outbox : entry deleted (record_id=65)
Test_Outbox : entry deleted (record_id=66)
Test_Outbox : entry deleted (record_id=67)
Test_Outbox : entry deleted (record_id=68)
Test_Outbox : entry deleted (record_id=69)
Test_Outbox : entry deleted (record_id=70)
Test_Outbox : entry deleted (record_id=71)
Test_Outbox : entry deleted (record_id=72)
Test_Outbox : entry deleted (record_id=73)
Test_Outbox : entry deleted (record_id=74)
Test_Outbox : entry deleted (record_id=75)
Test_Outbox : entry deleted (record_id=76)
Test_Outbox : entry deleted (record_id=77)
Test_Outbox : entry deleted (record_id=78)
Test_Outbox : entry deleted (record_id=79)
Test_Outbox : entry deleted (record_id=80)
Test_Outbox : entry deleted (record_id=81)
Test_Outbox : entry deleted (record_id=82)
Test_Outbox : entry deleted (record_id=83)
Test_Outbox : entry deleted (record_id=84)
Test_Outbox : entry deleted (record_id=85)
Test_Outbox : entry deleted (record_id=86)
Test_Outbox : entry deleted (record_id=87)
Test_Outbox : entry deleted (record_id=88)
Test_Outbox : entry deleted (record_id=89)
Test_Outbox : entry deleted (record_id=90)
Test_Outbox : entry deleted (record_id=91)
Test_Outbox : entry deleted (record_id=92)
Test_Outbox : entry deleted (record_id=93)
Test_Outbox : entry deleted (record_id=94)
Test_Outbox : entry deleted (record_id=95)
Test_Outbox : entry deleted (record_id=96)
Test_Outbox : entry deleted (record_id=97)
Test_Outbox : entry deleted (record_id=98)
Test_Outbox : entry deleted (record_id=99)
Test_Outbox : entry deleted (record_id=100)
Test_Outbox : entry deleted (record_id=101)
Test_Outbox : entry deleted (record_id=102)
Test_Outbox : entry deleted (record_id=103)
Test_Outbox : entry deleted (record_id=104)
Test_Outbox : entry deleted (record_id=105)
Test_Outbox : entry deleted (record_id=106)
Test_Outbox : entry deleted (record_id=107)
Test_Outbox : entry deleted (record_id=108)
Test_Outbox : entry deleted (record_id=109)
Test_Outbox : entry deleted (record_id=110)
Test_Outbox : entry deleted (record_id=111)
Test_Outbox : entry deleted (record_id=112)
Test_Outbox : entry deleted (record_id=113)
Test_Outbox : entry deleted (record_id=114)
Test_Outbox : entry deleted (record_id=115)
Test_Outbox : entry deleted (record_id=116)
Test_Outbox : entry deleted (record_id=117)
Test_Outbox : entry deleted (record_id=118)
Test_Outbox : entry deleted (record_id=119)
Test_Outbox : entry deleted (record_id=120)
Test_Outbox : entry deleted (record_id=121)
Test_Outbox : entry deleted (record_id=122)
Test_Outbox : entry deleted (record_id=123)
Test_Outbox : entry deleted (record_id=124)
Test_Outbox : entry deleted (record_id=125)
Test_Outbox : entry deleted (record_id=126)
Test_Outbox : entry deleted (record_id=127)
Test_Outbox : entry deleted (record_id=128)
Test_Outbox : entry deleted (record_id=129)
Test_Outbox : entry deleted (record_id=130)
Test_Outbox : entry deleted (record_id=131)
Test_Outbox : entry deleted (record_id=132)
Test_Outbox : entry deleted (record_id=133)
Test_Outbox : entry deleted (record_id=134)
Test_Outbox : entry deleted (record_id=135)
Test_Outbox : entry deleted (record_id=136)
Test_Outbox : entry deleted (record_id=137)
Test_Outbox : entry deleted (record_id=138)
Test_Outbox : entry deleted (record_id=139)
Test_Outbox : entry deleted (record_id=140)
Test_Outbox : entry deleted (record_id=141)
Test_Outbox : entry deleted (record_id=142)
Test_Outbox : entry deleted (record_id=143)
Test_Outbox : entry deleted (record_id=144)
Test_Outbox : entry deleted (record_id=145)
Test_Outbox : entry deleted (record_id=146)
Test_Outbox : entry deleted (record_id=147)
Test_Outbox : entry deleted (record_id=148)
Test_Outbox : entry deleted (record_id=149)
Test_Outbox : entry deleted (record_id=150)
Test_Outbox : entry deleted (record_id=151)
Test_Outbox : entry deleted (record_id=152)
Test_Outbox : entry deleted (record_id=153)
Test_Outbox : entry deleted (record_id=154)
Test_Outbox : entry deleted (record_id=155)
Test_Outbox : entry deleted (record_id=156)
Test_Outbox : entry deleted (record_id=157)
Test_Outbox : entry deleted (record_id=158)
Test_Outbox : entry deleted (record_id=159)
Test_Outbox : entry deleted (record_id=160)
Test_Outbox : entry deleted (record_id=161)
Test_Outbox : entry deleted (record_id=162)
Test_Outbox : entry deleted (record_id=163)
Test_Outbox : entry deleted (record_id=164)
Test_Outbox : entry deleted (record_id=165)
Test_Outbox : entry deleted (record_id=166)
Test_Outbox : entry deleted (record_id=167)
Test_Outbox : entry deleted (record_id=168)
Test_Outbox : entry deleted (record_id=169)
Test_Outbox : entry deleted (record_id=170)
Test_Outbox : entry deleted (record_id=171)
Test_Outbox : entry deleted (record_id=172)
Test_Outbox : entry deleted (record_id=173)
Test_Outbox : entry deleted (record_id=174)
Test_Outbox : entry deleted (record_id=175)
Test_Outbox : entry deleted (record_id=176)
Test_Outbox : entry deleted (record_id=177)
Test_Outbox : entry deleted (record_id=178)
Test_Outbox : entry deleted (record_id=179)
Test_Outbox : entry deleted (record_id=180)
Test_Outbox : entry deleted (record_id=181)
Test_Outbox : entry deleted (record_id=182)
Test_Outbox : entry deleted (record_id=183)
Test_Outbox : entry deleted (record_id=184)
Test_Outbox : entry deleted (record_id=185)
Test_Outbox : entry deleted (record_id=186)
Test_Outbox : entry deleted (record_id=187)
Test_Outbox : entry deleted (record_id=188)
Test_Outbox: deleted 188 row(s); remaining 0.
Test_UserContext: DELETE endpoint unavailable on this server; using /apply BulkRemoveRecord fallback.
Test_UserContext : entry deleted (record_id=1)
Test_UserContext : entry deleted (record_id=2)
Test_UserContext : entry deleted (record_id=3)
Test_UserContext : entry deleted (record_id=4)
Test_UserContext: deleted 4 row(s); remaining 0.
Test_RunLog: DELETE endpoint unavailable on this server; using /apply BulkRemoveRecord fallback.
Test_RunLog : entry deleted (record_id=1)
Test_RunLog : entry deleted (record_id=2)
Test_RunLog : entry deleted (record_id=3)
Test_RunLog : entry deleted (record_id=4)
Test_RunLog : entry deleted (record_id=5)
Test_RunLog : entry deleted (record_id=6)
Test_RunLog : entry deleted (record_id=7)
Test_RunLog : entry deleted (record_id=8)
Test_RunLog : entry deleted (record_id=9)
Test_RunLog : entry deleted (record_id=10)
Test_RunLog : entry deleted (record_id=11)
Test_RunLog : entry deleted (record_id=12)
Test_RunLog : entry deleted (record_id=13)
Test_RunLog : entry deleted (record_id=14)
Test_RunLog : entry deleted (record_id=15)
Test_RunLog : entry deleted (record_id=16)
Test_RunLog : entry deleted (record_id=17)
Test_RunLog : entry deleted (record_id=18)
Test_RunLog : entry deleted (record_id=19)
Test_RunLog : entry deleted (record_id=20)
Test_RunLog : entry deleted (record_id=21)
Test_RunLog : entry deleted (record_id=22)
Test_RunLog : entry deleted (record_id=23)
Test_RunLog : entry deleted (record_id=24)
Test_RunLog : entry deleted (record_id=25)
Test_RunLog : entry deleted (record_id=26)
Test_RunLog : entry deleted (record_id=27)
Test_RunLog : entry deleted (record_id=28)
Test_RunLog : entry deleted (record_id=29)
Test_RunLog : entry deleted (record_id=30)
Test_RunLog : entry deleted (record_id=31)
Test_RunLog : entry deleted (record_id=32)
Test_RunLog : entry deleted (record_id=33)
Test_RunLog : entry deleted (record_id=34)
Test_RunLog : entry deleted (record_id=35)
Test_RunLog : entry deleted (record_id=36)
Test_RunLog : entry deleted (record_id=37)
Test_RunLog : entry deleted (record_id=38)
Test_RunLog : entry deleted (record_id=39)
Test_RunLog : entry deleted (record_id=40)
Test_RunLog : entry deleted (record_id=41)
Test_RunLog : entry deleted (record_id=42)
Test_RunLog : entry deleted (record_id=43)
Test_RunLog : entry deleted (record_id=44)
Test_RunLog : entry deleted (record_id=45)
Test_RunLog : entry deleted (record_id=46)
Test_RunLog : entry deleted (record_id=47)
Test_RunLog : entry deleted (record_id=48)
Test_RunLog : entry deleted (record_id=49)
Test_RunLog : entry deleted (record_id=50)
Test_RunLog : entry deleted (record_id=51)
Test_RunLog : entry deleted (record_id=52)
Test_RunLog : entry deleted (record_id=53)
Test_RunLog : entry deleted (record_id=54)
Test_RunLog : entry deleted (record_id=55)
Test_RunLog : entry deleted (record_id=56)
Test_RunLog : entry deleted (record_id=57)
Test_RunLog : entry deleted (record_id=58)
Test_RunLog : entry deleted (record_id=59)
Test_RunLog : entry deleted (record_id=60)
Test_RunLog : entry deleted (record_id=61)
Test_RunLog : entry deleted (record_id=62)
Test_RunLog : entry deleted (record_id=63)
Test_RunLog : entry deleted (record_id=64)
Test_RunLog : entry deleted (record_id=65)
Test_RunLog : entry deleted (record_id=66)
Test_RunLog : entry deleted (record_id=67)
Test_RunLog : entry deleted (record_id=68)
Test_RunLog : entry deleted (record_id=69)
Test_RunLog : entry deleted (record_id=70)
Test_RunLog : entry deleted (record_id=71)
Test_RunLog : entry deleted (record_id=72)
Test_RunLog : entry deleted (record_id=73)
Test_RunLog : entry deleted (record_id=74)
Test_RunLog : entry deleted (record_id=75)
Test_RunLog : entry deleted (record_id=76)
Test_RunLog : entry deleted (record_id=77)
Test_RunLog : entry deleted (record_id=78)
Test_RunLog : entry deleted (record_id=79)
Test_RunLog : entry deleted (record_id=80)
Test_RunLog : entry deleted (record_id=81)
Test_RunLog : entry deleted (record_id=82)
Test_RunLog : entry deleted (record_id=83)
Test_RunLog : entry deleted (record_id=84)
Test_RunLog : entry deleted (record_id=85)
Test_RunLog : entry deleted (record_id=86)
Test_RunLog : entry deleted (record_id=87)
Test_RunLog : entry deleted (record_id=88)
Test_RunLog : entry deleted (record_id=89)
Test_RunLog : entry deleted (record_id=90)
Test_RunLog : entry deleted (record_id=91)
Test_RunLog : entry deleted (record_id=92)
Test_RunLog : entry deleted (record_id=93)
Test_RunLog : entry deleted (record_id=94)
Test_RunLog : entry deleted (record_id=95)
Test_RunLog : entry deleted (record_id=96)
Test_RunLog : entry deleted (record_id=97)
Test_RunLog : entry deleted (record_id=98)
Test_RunLog : entry deleted (record_id=99)
Test_RunLog : entry deleted (record_id=100)
Test_RunLog : entry deleted (record_id=101)
Test_RunLog : entry deleted (record_id=102)
Test_RunLog : entry deleted (record_id=103)
Test_RunLog : entry deleted (record_id=104)
Test_RunLog : entry deleted (record_id=105)
Test_RunLog : entry deleted (record_id=106)
Test_RunLog : entry deleted (record_id=107)
Test_RunLog : entry deleted (record_id=108)
Test_RunLog : entry deleted (record_id=109)
Test_RunLog : entry deleted (record_id=110)
Test_RunLog : entry deleted (record_id=111)
Test_RunLog : entry deleted (record_id=112)
Test_RunLog : entry deleted (record_id=113)
Test_RunLog : entry deleted (record_id=114)
Test_RunLog : entry deleted (record_id=115)
Test_RunLog : entry deleted (record_id=116)
Test_RunLog : entry deleted (record_id=117)
Test_RunLog : entry deleted (record_id=118)
Test_RunLog : entry deleted (record_id=119)
Test_RunLog : entry deleted (record_id=120)
Test_RunLog : entry deleted (record_id=121)
Test_RunLog : entry deleted (record_id=122)
Test_RunLog : entry deleted (record_id=123)
Test_RunLog : entry deleted (record_id=124)
Test_RunLog : entry deleted (record_id=125)
Test_RunLog: deleted 125 row(s); remaining 0.
Test_Attachments: deleted 0 row(s); remaining 0.

Batch Summary
MAR26-S1KHFL-BASE-MCS-001 - deleted (BatchStatusHistory=26, ProductBatchMS=4, ProductBatchMaster=1)

Done. Deleted 527 row(s) from allow-listed tables.
